1753474791676	geckodriver	INFO	Listening on 127.0.0.1:58765
1753474794839	mozrunner::runner	INFO	Running command: "C:\\Program Files\\Mozilla Firefox\\firefox.exe" "--marionette" "--remote-debugging-port" "58766" "--remote-allow-hosts" "localhost" "-no-remote" "-profile" "C:\\Users\\SERGIO~1\\AppData\\Local\\Temp\\rust_mozprofilepqPMP0"
console.warn: services.settings: Ignoring preference override of remote settings server
console.warn: services.settings: Allow by setting MOZ_REMOTE_SETTINGS_DEVTOOLS=1 in the environment
Dynamically enable window occlusion 0
1753474796318	Marionette	INFO	Marionette enabled
1753474797094	Marionette	INFO	Listening on port 58778
Read port: 58778
WebDriver BiDi listening on ws://127.0.0.1:58766
1753474797246	RemoteAgent	WARN	TLS certificate errors will be ignored for this session
1753474803559	Marionette	INFO	Stopped listening on port 58778
Dynamically enable window occlusion 1
console.error: services.settings: 
  Message: NetworkError: Network error: TypeError: NetworkError: Network request failed
  Stack:
    APIError@resource://services-settings/RemoteSettingsClient.sys.mjs:108:1
NetworkError@resource://services-settings/RemoteSettingsClient.sys.mjs:112:5
_adjustedError@resource://services-settings/RemoteSettingsClient.sys.mjs:941:14
maybeSync@resource://services-settings/RemoteSettingsClient.sys.mjs:846:38

console.error: services.settings: 
  Message: NetworkError: Network error: TypeError: NetworkError: Network request failed
  Stack:
    APIError@resource://services-settings/RemoteSettingsClient.sys.mjs:108:1
NetworkError@resource://services-settings/RemoteSettingsClient.sys.mjs:112:5
_adjustedError@resource://services-settings/RemoteSettingsClient.sys.mjs:941:14
maybeSync@resource://services-settings/RemoteSettingsClient.sys.mjs:846:38

console.error: services.settings: 
  Message: NetworkError: Network error: TypeError: NetworkError: Network request failed
  Stack:
    APIError@resource://services-settings/RemoteSettingsClient.sys.mjs:108:1
NetworkError@resource://services-settings/RemoteSettingsClient.sys.mjs:112:5
_adjustedError@resource://services-settings/RemoteSettingsClient.sys.mjs:941:14
maybeSync@resource://services-settings/RemoteSettingsClient.sys.mjs:846:38

console.error: "Failed to fetch https://ads.mozilla.org/v1/delete_user:" "NetworkError when attempting to fetch resource."
console.warn: TopSitesFeed: Failed to fetch data from MARS server: NetworkError when attempting to fetch resource.
JavaScript error: resource://services-settings/RemoteSettingsClient.sys.mjs, line 101: Error: Unknown callback
